[0.071s] Invoking command in '/home/ubuntu/turtlebot3_ws/build/ros_goal_client': CMAKE_PREFIX_PATH=/home/ubuntu/turtlebot3_ws/install/uart_bridge_cpp:/home/ubuntu/turtlebot3_ws/install/turtlebot3:/home/ubuntu/turtlebot3_ws/install/turtlebot3_bringup:/home/ubuntu/turtlebot3_ws/install/turtlebot3_node:/home/ubuntu/turtlebot3_ws/install/turtlebot3_navigation2:/home/ubuntu/turtlebot3_ws/install/turtlebot3_fake_node:/home/ubuntu/turtlebot3_ws/install/turtlebot3_msgs:/home/ubuntu/turtlebot3_ws/install/turtlebot3_manipulation_gazebo:/home/ubuntu/turtlebot3_ws/install/turtlebot3_description:/home/ubuntu/turtlebot3_ws/install/turtlebot3_cartographer:/home/ubuntu/turtlebot3_ws/install/turtlebot3_teleop:/home/ubuntu/turtlebot3_ws/install/turtlebot3_example:/opt/ros/humble:/home/ubuntu/turtlebot3_ws/install/simple_navigation_goals:/home/ubuntu/turtlebot3_ws/install/ros_tutorials_topic:/home/ubuntu/turtlebot3_ws/install/ros_goal_client:/home/ubuntu/turtlebot3_ws/install/rescue_orchestrator:/home/ubuntu/turtlebot3_ws/install/dynamixel_sdk_examples:/home/ubuntu/turtlebot3_ws/install/dynamixel_sdk_custom_interfaces:/home/ubuntu/turtlebot3_ws/install/dynamixel_sdk:/home/ubuntu/turtlebot3_ws/install/cpp_talker_listener /usr/bin/cmake --build /home/ubuntu/turtlebot3_ws/build/ros_goal_client -- -j4 -l4
[0.363s] [  2%] Built target ros_goal_client__cpp
[0.372s] [ 11%] Built target ros_goal_client__rosidl_generator_c
[0.411s] [ 11%] Built target ament_cmake_python_symlink_ros_goal_client
[0.488s] [ 20%] Built target ros_goal_client__rosidl_typesupport_cpp
[0.499s] [ 28%] Built target ros_goal_client__rosidl_typesupport_fastrtps_cpp
[0.521s] [ 37%] Built target ros_goal_client__rosidl_typesupport_introspection_cpp
[0.544s] [ 45%] Built target ros_goal_client__rosidl_typesupport_fastrtps_c
[0.610s] [ 54%] Built target ros_goal_client__rosidl_typesupport_introspection_c
[0.619s] [35m[1mConsolidate compiler generated dependencies of target rosGoalServer[0m
[0.621s] [ 62%] Built target ros_goal_client__rosidl_typesupport_c
[0.745s] [ 62%] Built target ros_goal_client
[0.752s] [ 65%] [32mBuilding CXX object CMakeFiles/rosGoalServer.dir/src/rosGoalServer.cpp.o[0m
[0.772s] [ 71%] Built target rosGoalClient
[0.862s] [ 74%] Built target ros_goal_client__py
[0.977s] [ 80%] Built target ros_goal_client__rosidl_generator_py
[1.101s] [ 91%] Built target ros_goal_client__rosidl_typesupport_introspection_c__pyext
[1.102s] [ 91%] Built target ros_goal_client__rosidl_typesupport_fastrtps_c__pyext
[1.222s] [ 97%] Built target ros_goal_client__rosidl_typesupport_c__pyext
[1.969s] running egg_info
[1.972s] writing ros_goal_client.egg-info/PKG-INFO
[1.973s] writing dependency_links to ros_goal_client.egg-info/dependency_links.txt
[1.974s] writing top-level names to ros_goal_client.egg-info/top_level.txt
[1.984s] reading manifest file 'ros_goal_client.egg-info/SOURCES.txt'
[1.987s] writing manifest file 'ros_goal_client.egg-info/SOURCES.txt'
[2.125s] [ 97%] Built target ament_cmake_python_build_ros_goal_client_egg
[13.711s] [01m[K/home/ubuntu/turtlebot3_ws/src/ros_goal_client/src/rosGoalServer.cpp:[m[K In function â€˜[01m[Kvoid on_stm_rx(std_msgs::msg::String_<std::allocator<void> >::SharedPtr)[m[Kâ€™:
[13.711s] [01m[K/home/ubuntu/turtlebot3_ws/src/ros_goal_client/src/rosGoalServer.cpp:252:7:[m[K [01;31m[Kerror: [m[Kâ€˜[01m[Kgo_to_pose[m[Kâ€™ was not declared in this scope
[13.712s]   252 |       [01;31m[Kgo_to_pose[m[K(g_home_pose, "DOWN", "");
[13.713s]       |       [01;31m[K^~~~~~~~~~[m[K
[13.729s] [01m[K/home/ubuntu/turtlebot3_ws/src/ros_goal_client/src/rosGoalServer.cpp:256:5:[m[K [01;31m[Kerror: [m[Kâ€˜[01m[Kgo_to_pose[m[Kâ€™ was not declared in this scope
[13.730s]   256 |     [01;31m[Kgo_to_pose[m[K(g_second_goal, "", "2");
[13.730s]       |     [01;31m[K^~~~~~~~~~[m[K
[33.713s] gmake[2]: *** [CMakeFiles/rosGoalServer.dir/build.make:76: CMakeFiles/rosGoalServer.dir/src/rosGoalServer.cpp.o] Error 1
[33.715s] gmake[1]: *** [CMakeFiles/Makefile2:595: CMakeFiles/rosGoalServer.dir/all] Error 2
[33.715s] gmake: *** [Makefile:146: all] Error 2
[33.722s] Invoked command in '/home/ubuntu/turtlebot3_ws/build/ros_goal_client' returned '2': CMAKE_PREFIX_PATH=/home/ubuntu/turtlebot3_ws/install/uart_bridge_cpp:/home/ubuntu/turtlebot3_ws/install/turtlebot3:/home/ubuntu/turtlebot3_ws/install/turtlebot3_bringup:/home/ubuntu/turtlebot3_ws/install/turtlebot3_node:/home/ubuntu/turtlebot3_ws/install/turtlebot3_navigation2:/home/ubuntu/turtlebot3_ws/install/turtlebot3_fake_node:/home/ubuntu/turtlebot3_ws/install/turtlebot3_msgs:/home/ubuntu/turtlebot3_ws/install/turtlebot3_manipulation_gazebo:/home/ubuntu/turtlebot3_ws/install/turtlebot3_description:/home/ubuntu/turtlebot3_ws/install/turtlebot3_cartographer:/home/ubuntu/turtlebot3_ws/install/turtlebot3_teleop:/home/ubuntu/turtlebot3_ws/install/turtlebot3_example:/opt/ros/humble:/home/ubuntu/turtlebot3_ws/install/simple_navigation_goals:/home/ubuntu/turtlebot3_ws/install/ros_tutorials_topic:/home/ubuntu/turtlebot3_ws/install/ros_goal_client:/home/ubuntu/turtlebot3_ws/install/rescue_orchestrator:/home/ubuntu/turtlebot3_ws/install/dynamixel_sdk_examples:/home/ubuntu/turtlebot3_ws/install/dynamixel_sdk_custom_interfaces:/home/ubuntu/turtlebot3_ws/install/dynamixel_sdk:/home/ubuntu/turtlebot3_ws/install/cpp_talker_listener /usr/bin/cmake --build /home/ubuntu/turtlebot3_ws/build/ros_goal_client -- -j4 -l4
