[0.061s] Invoking command in '/home/ubuntu/turtlebot3_ws/build/ros_goal_client': CMAKE_PREFIX_PATH=/home/ubuntu/turtlebot3_ws/install/uart_bridge_cpp:/home/ubuntu/turtlebot3_ws/install/turtlebot3:/home/ubuntu/turtlebot3_ws/install/turtlebot3_bringup:/home/ubuntu/turtlebot3_ws/install/turtlebot3_node:/home/ubuntu/turtlebot3_ws/install/turtlebot3_navigation2:/home/ubuntu/turtlebot3_ws/install/turtlebot3_fake_node:/home/ubuntu/turtlebot3_ws/install/turtlebot3_msgs:/home/ubuntu/turtlebot3_ws/install/turtlebot3_manipulation_gazebo:/home/ubuntu/turtlebot3_ws/install/turtlebot3_description:/home/ubuntu/turtlebot3_ws/install/turtlebot3_cartographer:/home/ubuntu/turtlebot3_ws/install/turtlebot3_teleop:/home/ubuntu/turtlebot3_ws/install/turtlebot3_example:/opt/ros/humble:/home/ubuntu/turtlebot3_ws/install/simple_navigation_goals:/home/ubuntu/turtlebot3_ws/install/ros_tutorials_topic:/home/ubuntu/turtlebot3_ws/install/ros_goal_client:/home/ubuntu/turtlebot3_ws/install/rescue_orchestrator:/home/ubuntu/turtlebot3_ws/install/dynamixel_sdk_examples:/home/ubuntu/turtlebot3_ws/install/dynamixel_sdk_custom_interfaces:/home/ubuntu/turtlebot3_ws/install/dynamixel_sdk:/home/ubuntu/turtlebot3_ws/install/cpp_talker_listener /usr/bin/cmake --build /home/ubuntu/turtlebot3_ws/build/ros_goal_client -- -j4 -l4
[0.327s] [  2%] Built target ros_goal_client__cpp
[0.336s] [ 11%] Built target ros_goal_client__rosidl_generator_c
[0.370s] [ 11%] Built target ament_cmake_python_symlink_ros_goal_client
[0.448s] [ 20%] Built target ros_goal_client__rosidl_typesupport_cpp
[0.460s] [ 28%] Built target ros_goal_client__rosidl_typesupport_fastrtps_cpp
[0.467s] [ 37%] Built target ros_goal_client__rosidl_typesupport_introspection_cpp
[0.493s] [ 45%] Built target ros_goal_client__rosidl_typesupport_fastrtps_c
[0.568s] [35m[1mConsolidate compiler generated dependencies of target rosGoalServer[0m
[0.574s] [ 54%] Built target ros_goal_client__rosidl_typesupport_introspection_c
[0.581s] [ 62%] Built target ros_goal_client__rosidl_typesupport_c
[0.694s] [ 62%] Built target ros_goal_client
[0.701s] [ 65%] [32mBuilding CXX object CMakeFiles/rosGoalServer.dir/src/rosGoalServer.cpp.o[0m
[0.735s] [ 71%] Built target rosGoalClient
[0.811s] [ 74%] Built target ros_goal_client__py
[0.926s] [ 80%] Built target ros_goal_client__rosidl_generator_py
[1.049s] [ 85%] Built target ros_goal_client__rosidl_typesupport_fastrtps_c__pyext
[1.055s] [ 91%] Built target ros_goal_client__rosidl_typesupport_introspection_c__pyext
[1.163s] [ 97%] Built target ros_goal_client__rosidl_typesupport_c__pyext
[1.754s] running egg_info
[1.758s] writing ros_goal_client.egg-info/PKG-INFO
[1.759s] writing dependency_links to ros_goal_client.egg-info/dependency_links.txt
[1.760s] writing top-level names to ros_goal_client.egg-info/top_level.txt
[1.770s] reading manifest file 'ros_goal_client.egg-info/SOURCES.txt'
[1.773s] writing manifest file 'ros_goal_client.egg-info/SOURCES.txt'
[1.910s] [ 97%] Built target ament_cmake_python_build_ros_goal_client_egg
[11.744s] [01m[K/home/ubuntu/turtlebot3_ws/src/ros_goal_client/src/rosGoalServer.cpp:273:13:[m[K [01;31m[Kerror: [m[Kdefault argument given for parameter 3 of â€˜[01m[Kvoid go_to_pose(const PoseStamped&, const string&, bool)[m[Kâ€™ [[01;31m[K-fpermissive[m[K]
[11.745s]   273 | static void [01;31m[Kgo_to_pose[m[K(const geometry_msgs::msg::PoseStamped &pose,
[11.745s]       |             [01;31m[K^~~~~~~~~~[m[K
[11.746s] [01m[K/home/ubuntu/turtlebot3_ws/src/ros_goal_client/src/rosGoalServer.cpp:93:13:[m[K [01;36m[Knote: [m[Kprevious specification in â€˜[01m[Kvoid go_to_pose(const PoseStamped&, const string&, bool)[m[Kâ€™ here
[11.746s]    93 | static void [01;36m[Kgo_to_pose[m[K(const geometry_msgs::msg::PoseStamped &pose,
[11.746s]       |             [01;36m[K^~~~~~~~~~[m[K
[29.370s] gmake[2]: *** [CMakeFiles/rosGoalServer.dir/build.make:76: CMakeFiles/rosGoalServer.dir/src/rosGoalServer.cpp.o] Error 1
[29.371s] gmake[1]: *** [CMakeFiles/Makefile2:595: CMakeFiles/rosGoalServer.dir/all] Error 2
[29.372s] gmake: *** [Makefile:146: all] Error 2
[29.379s] Invoked command in '/home/ubuntu/turtlebot3_ws/build/ros_goal_client' returned '2': CMAKE_PREFIX_PATH=/home/ubuntu/turtlebot3_ws/install/uart_bridge_cpp:/home/ubuntu/turtlebot3_ws/install/turtlebot3:/home/ubuntu/turtlebot3_ws/install/turtlebot3_bringup:/home/ubuntu/turtlebot3_ws/install/turtlebot3_node:/home/ubuntu/turtlebot3_ws/install/turtlebot3_navigation2:/home/ubuntu/turtlebot3_ws/install/turtlebot3_fake_node:/home/ubuntu/turtlebot3_ws/install/turtlebot3_msgs:/home/ubuntu/turtlebot3_ws/install/turtlebot3_manipulation_gazebo:/home/ubuntu/turtlebot3_ws/install/turtlebot3_description:/home/ubuntu/turtlebot3_ws/install/turtlebot3_cartographer:/home/ubuntu/turtlebot3_ws/install/turtlebot3_teleop:/home/ubuntu/turtlebot3_ws/install/turtlebot3_example:/opt/ros/humble:/home/ubuntu/turtlebot3_ws/install/simple_navigation_goals:/home/ubuntu/turtlebot3_ws/install/ros_tutorials_topic:/home/ubuntu/turtlebot3_ws/install/ros_goal_client:/home/ubuntu/turtlebot3_ws/install/rescue_orchestrator:/home/ubuntu/turtlebot3_ws/install/dynamixel_sdk_examples:/home/ubuntu/turtlebot3_ws/install/dynamixel_sdk_custom_interfaces:/home/ubuntu/turtlebot3_ws/install/dynamixel_sdk:/home/ubuntu/turtlebot3_ws/install/cpp_talker_listener /usr/bin/cmake --build /home/ubuntu/turtlebot3_ws/build/ros_goal_client -- -j4 -l4
