[01m[K/home/ubuntu/turtlebot3_ws/src/ros_goal_client/src/rosGoalServer.cpp:95:30:[m[K [01;31m[Kerror: [m[Kdefault argument missing for parameter 3 of â€˜[01m[Kvoid go_to_pose(const PoseStamped&, const string&, bool)[m[Kâ€™
   95 |                         [01;31m[Kbool notify_jetson_second[m[K);
      |                         [01;31m[K~~~~~^~~~~~~~~~~~~~~~~~~~[m[K
[01m[K/home/ubuntu/turtlebot3_ws/src/ros_goal_client/src/rosGoalServer.cpp:94:43:[m[K [01;36m[Knote: [m[K...following parameter 2 which has a default argument
   94 |                        [01;36m[Kconst std::string &post_command = ""[m[K,
      |                        [01;36m[K~~~~~~~~~~~~~~~~~~~^~~~~~~~~~~~~~~~~[m[K
[01m[K/home/ubuntu/turtlebot3_ws/src/ros_goal_client/src/rosGoalServer.cpp:[m[K In function â€˜[01m[Kvoid go_to_pose(const PoseStamped&, const string&)[m[Kâ€™:
[01m[K/home/ubuntu/turtlebot3_ws/src/ros_goal_client/src/rosGoalServer.cpp:305:9:[m[K [01;31m[Kerror: [m[Kâ€˜[01m[Knotify_jetson_second[m[Kâ€™ was not declared in this scope
  305 |     if ([01;31m[Knotify_jetson_second[m[K && result.code == rclcpp_action::ResultCode::SUCCEEDED && g_uart_tx_pub) {
      |         [01;31m[K^~~~~~~~~~~~~~~~~~~~[m[K
[01m[K/home/ubuntu/turtlebot3_ws/src/ros_goal_client/src/rosGoalServer.cpp:[m[K In function â€˜[01m[Kvoid* recv_msg(void*)[m[Kâ€™:
[01m[K/home/ubuntu/turtlebot3_ws/src/ros_goal_client/src/rosGoalServer.cpp:581:17:[m[K [01;31m[Kerror: [m[Kcall of overloaded â€˜[01m[Kgo_to_pose(geometry_msgs::msg::PoseStamped&, const char [1])[m[Kâ€™ is ambiguous
  581 |       [01;31m[Kgo_to_pose(g_first_goal, "")[m[K;
      |       [01;31m[K~~~~~~~~~~^~~~~~~~~~~~~~~~~~[m[K
[01m[K/home/ubuntu/turtlebot3_ws/src/ros_goal_client/src/rosGoalServer.cpp:93:13:[m[K [01;36m[Knote: [m[Kcandidate: â€˜[01m[Kvoid go_to_pose(const PoseStamped&, const string&, bool)[m[Kâ€™
   93 | static void [01;36m[Kgo_to_pose[m[K(const geometry_msgs::msg::PoseStamped &pose,
      |             [01;36m[K^~~~~~~~~~[m[K
[01m[K/home/ubuntu/turtlebot3_ws/src/ros_goal_client/src/rosGoalServer.cpp:273:13:[m[K [01;36m[Knote: [m[Kcandidate: â€˜[01m[Kvoid go_to_pose(const PoseStamped&, const string&)[m[Kâ€™
  273 | static void [01;36m[Kgo_to_pose[m[K(const geometry_msgs::msg::PoseStamped &pose,
      |             [01;36m[K^~~~~~~~~~[m[K
[01m[K/home/ubuntu/turtlebot3_ws/src/ros_goal_client/src/rosGoalServer.cpp:[m[K At global scope:
[01m[K/home/ubuntu/turtlebot3_ws/src/ros_goal_client/src/rosGoalServer.cpp:93:13:[m[K [01;35m[Kwarning: [m[Kâ€˜[01m[Kvoid go_to_pose(const PoseStamped&, const string&, bool)[m[Kâ€™ declared â€˜[01m[Kstatic[m[Kâ€™ but never defined [[01;35m[K-Wunused-function[m[K]
   93 | static void [01;35m[Kgo_to_pose[m[K(const geometry_msgs::msg::PoseStamped &pose,
      |             [01;35m[K^~~~~~~~~~[m[K
[01m[K/home/ubuntu/turtlebot3_ws/src/ros_goal_client/src/rosGoalServer.cpp:273:13:[m[K [01;35m[Kwarning: [m[Kâ€˜[01m[Kvoid go_to_pose(const PoseStamped&, const string&)[m[Kâ€™ defined but not used [[01;35m[K-Wunused-function[m[K]
  273 | static void [01;35m[Kgo_to_pose[m[K(const geometry_msgs::msg::PoseStamped &pose,
      |             [01;35m[K^~~~~~~~~~[m[K
gmake[2]: *** [CMakeFiles/rosGoalServer.dir/build.make:76: CMakeFiles/rosGoalServer.dir/src/rosGoalServer.cpp.o] Error 1
gmake[1]: *** [CMakeFiles/Makefile2:595: CMakeFiles/rosGoalServer.dir/all] Error 2
gmake: *** [Makefile:146: all] Error 2
