[  2%] Built target ros_goal_client__cpp
[ 11%] Built target ros_goal_client__rosidl_generator_c
[ 11%] Built target ament_cmake_python_symlink_ros_goal_client
[ 20%] Built target ros_goal_client__rosidl_typesupport_introspection_cpp
[ 28%] Built target ros_goal_client__rosidl_typesupport_cpp
[ 37%] Built target ros_goal_client__rosidl_typesupport_fastrtps_cpp
[ 45%] Built target ros_goal_client__rosidl_typesupport_fastrtps_c
[ 54%] Built target ros_goal_client__rosidl_typesupport_introspection_c
[ 62%] Built target ros_goal_client__rosidl_typesupport_c
[35m[1mConsolidate compiler generated dependencies of target rosGoalServer[0m
[ 68%] Built target rosGoalClient
[ 68%] Built target ros_goal_client
[ 71%] [32mBuilding CXX object CMakeFiles/rosGoalServer.dir/src/rosGoalServer.cpp.o[0m
[ 74%] Built target ros_goal_client__py
[ 80%] Built target ros_goal_client__rosidl_generator_py
[ 85%] Built target ros_goal_client__rosidl_typesupport_fastrtps_c__pyext
[ 91%] Built target ros_goal_client__rosidl_typesupport_introspection_c__pyext
[ 97%] Built target ros_goal_client__rosidl_typesupport_c__pyext
running egg_info
writing ros_goal_client.egg-info/PKG-INFO
writing dependency_links to ros_goal_client.egg-info/dependency_links.txt
writing top-level names to ros_goal_client.egg-info/top_level.txt
reading manifest file 'ros_goal_client.egg-info/SOURCES.txt'
writing manifest file 'ros_goal_client.egg-info/SOURCES.txt'
[ 97%] Built target ament_cmake_python_build_ros_goal_client_egg
[01m[K/home/ubuntu/turtlebot3_ws/src/ros_goal_client/src/rosGoalServer.cpp:[m[K In function â€˜[01m[Kint main(int, char**)[m[Kâ€™:
[01m[K/home/ubuntu/turtlebot3_ws/src/ros_goal_client/src/rosGoalServer.cpp:386:3:[m[K [01;31m[Kerror: [m[Kâ€˜[01m[Kg_fork_cmd_pub[m[Kâ€™ was not declared in this scope
  386 |   [01;31m[Kg_fork_cmd_pub[m[K = g_node->create_publisher<std_msgs::msg::UInt8>("/fork/cmd", 10);
      |   [01;31m[K^~~~~~~~~~~~~~[m[K
[01m[K/home/ubuntu/turtlebot3_ws/src/ros_goal_client/src/rosGoalServer.cpp:389:1:[m[K [01;31m[Kerror: [m[Kâ€˜[01m[Kg_fork_busy_sub[m[Kâ€™ was not declared in this scope
  389 | [01;31m[Kg_fork_busy_sub[m[K = g_node->create_subscription<std_msgs::msg::Bool>(
      | [01;31m[K^~~~~~~~~~~~~~~[m[K
[01m[K/home/ubuntu/turtlebot3_ws/src/ros_goal_client/src/rosGoalServer.cpp:[m[K In function â€˜[01m[Kvoid* recv_msg(void*)[m[Kâ€™:
[01m[K/home/ubuntu/turtlebot3_ws/src/ros_goal_client/src/rosGoalServer.cpp:591:1:[m[K [01;31m[Kerror: [m[Ka function-definition is not allowed here before â€˜[01m[K{[m[Kâ€™ token
  591 | [01;31m[K{[m[K
      | [01;31m[K^[m[K
[01m[K/home/ubuntu/turtlebot3_ws/src/ros_goal_client/src/rosGoalServer.cpp:595:2:[m[K [01;31m[Kerror: [m[Kexpected â€˜[01m[K}[m[Kâ€™ at end of input
  595 | }
      |  [01;31m[K^[m[K
[01m[K/home/ubuntu/turtlebot3_ws/src/ros_goal_client/src/rosGoalServer.cpp:549:1:[m[K [01;36m[Knote: [m[Kto match this â€˜[01m[K{[m[Kâ€™
  549 | [01;36m[K{[m[K
      | [01;36m[K^[m[K
[01m[K/home/ubuntu/turtlebot3_ws/src/ros_goal_client/src/rosGoalServer.cpp:595:2:[m[K [01;35m[Kwarning: [m[Kcontrol reaches end of non-void function [[01;35m[K-Wreturn-type[m[K]
  595 | }
      |  [01;35m[K^[m[K
gmake[2]: *** [CMakeFiles/rosGoalServer.dir/build.make:76: CMakeFiles/rosGoalServer.dir/src/rosGoalServer.cpp.o] Error 1
gmake[1]: *** [CMakeFiles/Makefile2:595: CMakeFiles/rosGoalServer.dir/all] Error 2
gmake: *** [Makefile:146: all] Error 2
