[01m[K/home/ubuntu/turtlebot3_ws/src/ros_goal_client/src/rosGoalServer.cpp:[m[K In function â€˜[01m[Kvoid schedule_jetson2_after_ms(int)[m[Kâ€™:
[01m[K/home/ubuntu/turtlebot3_ws/src/ros_goal_client/src/rosGoalServer.cpp:113:19:[m[K [01;31m[Kerror: [m[Kâ€˜[01m[Kg_jetson_tx_pub[m[Kâ€™ was not declared in this scope; did you mean â€˜[01m[Kg_stm_tx_pub[m[Kâ€™?
  113 |   if (!g_node || ![01;31m[Kg_jetson_tx_pub[m[K) return;
      |                   [01;31m[K^~~~~~~~~~~~~~~[m[K
      |                   [32m[Kg_stm_tx_pub[m[K
[01m[K/home/ubuntu/turtlebot3_ws/src/ros_goal_client/src/rosGoalServer.cpp:[m[K In lambda function:
[01m[K/home/ubuntu/turtlebot3_ws/src/ros_goal_client/src/rosGoalServer.cpp:123:7:[m[K [01;31m[Kerror: [m[Kâ€˜[01m[Kg_jetson_tx_pub[m[Kâ€™ was not declared in this scope; did you mean â€˜[01m[Kg_stm_tx_pub[m[Kâ€™?
  123 |       [01;31m[Kg_jetson_tx_pub[m[K->publish(m);
      |       [01;31m[K^~~~~~~~~~~~~~~[m[K
      |       [32m[Kg_stm_tx_pub[m[K
gmake[2]: *** [CMakeFiles/rosGoalServer.dir/build.make:76: CMakeFiles/rosGoalServer.dir/src/rosGoalServer.cpp.o] Error 1
gmake[1]: *** [CMakeFiles/Makefile2:595: CMakeFiles/rosGoalServer.dir/all] Error 2
gmake: *** [Makefile:146: all] Error 2
