[0.062s] Invoking command in '/home/ubuntu/turtlebot3_ws/build/ros_goal_client': CMAKE_PREFIX_PATH=/home/ubuntu/turtlebot3_ws/install/uart_bridge_cpp:/home/ubuntu/turtlebot3_ws/install/turtlebot3:/home/ubuntu/turtlebot3_ws/install/turtlebot3_bringup:/home/ubuntu/turtlebot3_ws/install/turtlebot3_node:/home/ubuntu/turtlebot3_ws/install/turtlebot3_navigation2:/home/ubuntu/turtlebot3_ws/install/turtlebot3_fake_node:/home/ubuntu/turtlebot3_ws/install/turtlebot3_msgs:/home/ubuntu/turtlebot3_ws/install/turtlebot3_manipulation_gazebo:/home/ubuntu/turtlebot3_ws/install/turtlebot3_description:/home/ubuntu/turtlebot3_ws/install/turtlebot3_cartographer:/home/ubuntu/turtlebot3_ws/install/turtlebot3_teleop:/home/ubuntu/turtlebot3_ws/install/turtlebot3_example:/opt/ros/humble:/home/ubuntu/turtlebot3_ws/install/simple_navigation_goals:/home/ubuntu/turtlebot3_ws/install/ros_tutorials_topic:/home/ubuntu/turtlebot3_ws/install/ros_goal_client:/home/ubuntu/turtlebot3_ws/install/rescue_orchestrator:/home/ubuntu/turtlebot3_ws/install/dynamixel_sdk_examples:/home/ubuntu/turtlebot3_ws/install/dynamixel_sdk_custom_interfaces:/home/ubuntu/turtlebot3_ws/install/dynamixel_sdk:/home/ubuntu/turtlebot3_ws/install/cpp_talker_listener /usr/bin/cmake --build /home/ubuntu/turtlebot3_ws/build/ros_goal_client -- -j4 -l4
[0.354s] [  5%] Built target ros_goal_client__cpp
[0.356s] [ 11%] Built target ros_goal_client__rosidl_generator_c
[0.473s] [ 11%] Built target ament_cmake_python_symlink_ros_goal_client
[0.517s] [ 20%] Built target ros_goal_client__rosidl_typesupport_c
[0.542s] [ 28%] Built target ros_goal_client__rosidl_typesupport_introspection_c
[0.549s] [ 37%] Built target ros_goal_client__rosidl_typesupport_fastrtps_c
[0.659s] [ 45%] Built target ros_goal_client__rosidl_typesupport_introspection_cpp
[0.708s] [ 54%] Built target ros_goal_client__rosidl_typesupport_cpp
[0.756s] [ 62%] Built target ros_goal_client__rosidl_typesupport_fastrtps_cpp
[0.891s] [ 68%] Built target rosGoalClient
[0.909s] [ 68%] Built target ros_goal_client
[0.912s] [35m[1mConsolidate compiler generated dependencies of target rosGoalServer[0m
[1.060s] [ 74%] [32mBuilding CXX object CMakeFiles/rosGoalServer.dir/src/rosGoalServer.cpp.o[0m
[1.061s] [ 74%] Built target ros_goal_client__py
[1.205s] [ 80%] Built target ros_goal_client__rosidl_generator_py
[1.356s] [ 85%] Built target ros_goal_client__rosidl_typesupport_introspection_c__pyext
[1.457s] [ 91%] Built target ros_goal_client__rosidl_typesupport_fastrtps_c__pyext
[1.484s] [ 97%] Built target ros_goal_client__rosidl_typesupport_c__pyext
[2.240s] running egg_info
[2.244s] writing ros_goal_client.egg-info/PKG-INFO
[2.246s] writing dependency_links to ros_goal_client.egg-info/dependency_links.txt
[2.247s] writing top-level names to ros_goal_client.egg-info/top_level.txt
[2.263s] reading manifest file 'ros_goal_client.egg-info/SOURCES.txt'
[2.264s] writing manifest file 'ros_goal_client.egg-info/SOURCES.txt'
[2.419s] [ 97%] Built target ament_cmake_python_build_ros_goal_client_egg
[14.898s] [01m[K/home/ubuntu/turtlebot3_ws/src/ros_goal_client/src/rosGoalServer.cpp:[m[K In function â€˜[01m[Kvoid schedule_jetson2_after_ms(int)[m[Kâ€™:
[14.899s] [01m[K/home/ubuntu/turtlebot3_ws/src/ros_goal_client/src/rosGoalServer.cpp:113:19:[m[K [01;31m[Kerror: [m[Kâ€˜[01m[Kg_jetson_tx_pub[m[Kâ€™ was not declared in this scope; did you mean â€˜[01m[Kg_stm_tx_pub[m[Kâ€™?
[14.900s]   113 |   if (!g_node || ![01;31m[Kg_jetson_tx_pub[m[K) return;
[14.901s]       |                   [01;31m[K^~~~~~~~~~~~~~~[m[K
[14.901s]       |                   [32m[Kg_stm_tx_pub[m[K
[14.943s] [01m[K/home/ubuntu/turtlebot3_ws/src/ros_goal_client/src/rosGoalServer.cpp:[m[K In lambda function:
[14.943s] [01m[K/home/ubuntu/turtlebot3_ws/src/ros_goal_client/src/rosGoalServer.cpp:123:7:[m[K [01;31m[Kerror: [m[Kâ€˜[01m[Kg_jetson_tx_pub[m[Kâ€™ was not declared in this scope; did you mean â€˜[01m[Kg_stm_tx_pub[m[Kâ€™?
[14.944s]   123 |       [01;31m[Kg_jetson_tx_pub[m[K->publish(m);
[14.944s]       |       [01;31m[K^~~~~~~~~~~~~~~[m[K
[14.945s]       |       [32m[Kg_stm_tx_pub[m[K
[36.644s] gmake[2]: *** [CMakeFiles/rosGoalServer.dir/build.make:76: CMakeFiles/rosGoalServer.dir/src/rosGoalServer.cpp.o] Error 1
[36.646s] gmake[1]: *** [CMakeFiles/Makefile2:595: CMakeFiles/rosGoalServer.dir/all] Error 2
[36.647s] gmake: *** [Makefile:146: all] Error 2
[36.661s] Invoked command in '/home/ubuntu/turtlebot3_ws/build/ros_goal_client' returned '2': CMAKE_PREFIX_PATH=/home/ubuntu/turtlebot3_ws/install/uart_bridge_cpp:/home/ubuntu/turtlebot3_ws/install/turtlebot3:/home/ubuntu/turtlebot3_ws/install/turtlebot3_bringup:/home/ubuntu/turtlebot3_ws/install/turtlebot3_node:/home/ubuntu/turtlebot3_ws/install/turtlebot3_navigation2:/home/ubuntu/turtlebot3_ws/install/turtlebot3_fake_node:/home/ubuntu/turtlebot3_ws/install/turtlebot3_msgs:/home/ubuntu/turtlebot3_ws/install/turtlebot3_manipulation_gazebo:/home/ubuntu/turtlebot3_ws/install/turtlebot3_description:/home/ubuntu/turtlebot3_ws/install/turtlebot3_cartographer:/home/ubuntu/turtlebot3_ws/install/turtlebot3_teleop:/home/ubuntu/turtlebot3_ws/install/turtlebot3_example:/opt/ros/humble:/home/ubuntu/turtlebot3_ws/install/simple_navigation_goals:/home/ubuntu/turtlebot3_ws/install/ros_tutorials_topic:/home/ubuntu/turtlebot3_ws/install/ros_goal_client:/home/ubuntu/turtlebot3_ws/install/rescue_orchestrator:/home/ubuntu/turtlebot3_ws/install/dynamixel_sdk_examples:/home/ubuntu/turtlebot3_ws/install/dynamixel_sdk_custom_interfaces:/home/ubuntu/turtlebot3_ws/install/dynamixel_sdk:/home/ubuntu/turtlebot3_ws/install/cpp_talker_listener /usr/bin/cmake --build /home/ubuntu/turtlebot3_ws/build/ros_goal_client -- -j4 -l4
