[  2%] Built target ros_goal_client__cpp
[ 11%] Built target ros_goal_client__rosidl_generator_c
[ 11%] Built target ament_cmake_python_symlink_ros_goal_client
[ 20%] Built target ros_goal_client__rosidl_typesupport_introspection_cpp
[ 28%] Built target ros_goal_client__rosidl_typesupport_cpp
[ 37%] Built target ros_goal_client__rosidl_typesupport_fastrtps_cpp
[ 45%] Built target ros_goal_client__rosidl_typesupport_fastrtps_c
[ 54%] Built target ros_goal_client__rosidl_typesupport_introspection_c
[ 62%] Built target ros_goal_client__rosidl_typesupport_c
[35m[1mConsolidate compiler generated dependencies of target rosGoalServer[0m
[ 68%] Built target rosGoalClient
[ 68%] Built target ros_goal_client
[ 71%] Built target ros_goal_client__py
[ 74%] [32mBuilding CXX object CMakeFiles/rosGoalServer.dir/src/rosGoalServer.cpp.o[0m
[ 80%] Built target ros_goal_client__rosidl_generator_py
[ 85%] Built target ros_goal_client__rosidl_typesupport_fastrtps_c__pyext
[ 91%] Built target ros_goal_client__rosidl_typesupport_introspection_c__pyext
[ 97%] Built target ros_goal_client__rosidl_typesupport_c__pyext
running egg_info
writing ros_goal_client.egg-info/PKG-INFO
writing dependency_links to ros_goal_client.egg-info/dependency_links.txt
writing top-level names to ros_goal_client.egg-info/top_level.txt
reading manifest file 'ros_goal_client.egg-info/SOURCES.txt'
writing manifest file 'ros_goal_client.egg-info/SOURCES.txt'
[ 97%] Built target ament_cmake_python_build_ros_goal_client_egg
[01m[K/home/ubuntu/turtlebot3_ws/src/ros_goal_client/src/rosGoalServer.cpp:286:1:[m[K [01;31m[Kerror: [m[Kexpected initializer before â€˜[01m[Kif[m[Kâ€™
  286 | [01;31m[Kif[m[K (reached_flag) reached_flag->store(false);
      | [01;31m[K^~[m[K
[01m[K/home/ubuntu/turtlebot3_ws/src/ros_goal_client/src/rosGoalServer.cpp:287:1:[m[K [01;31m[Kerror: [m[Kexpected unqualified-id before â€˜[01m[K{[m[Kâ€™ token
  287 | [01;31m[K{[m[K
      | [01;31m[K^[m[K
[01m[K/home/ubuntu/turtlebot3_ws/src/ros_goal_client/src/rosGoalServer.cpp:95:13:[m[K [01;35m[Kwarning: [m[Kâ€˜[01m[Kvoid go_to_pose(const PoseStamped&, const string&, const string&, std::atomic<bool>*)[m[Kâ€™ declared â€˜[01m[Kstatic[m[Kâ€™ but never defined [[01;35m[K-Wunused-function[m[K]
   95 | static void [01;35m[Kgo_to_pose[m[K(const geometry_msgs::msg::PoseStamped &pose,
      |             [01;35m[K^~~~~~~~~~[m[K
gmake[2]: *** [CMakeFiles/rosGoalServer.dir/build.make:76: CMakeFiles/rosGoalServer.dir/src/rosGoalServer.cpp.o] Error 1
gmake[1]: *** [CMakeFiles/Makefile2:595: CMakeFiles/rosGoalServer.dir/all] Error 2
gmake: *** [Makefile:146: all] Error 2
