[  2%] Built target ros_goal_client__cpp
[ 11%] Built target ros_goal_client__rosidl_generator_c
[ 11%] Built target ament_cmake_python_symlink_ros_goal_client
[ 20%] Built target ros_goal_client__rosidl_typesupport_cpp
[ 28%] Built target ros_goal_client__rosidl_typesupport_fastrtps_cpp
[ 37%] Built target ros_goal_client__rosidl_typesupport_introspection_cpp
[ 45%] Built target ros_goal_client__rosidl_typesupport_fastrtps_c
[ 54%] Built target ros_goal_client__rosidl_typesupport_introspection_c
[ 62%] Built target ros_goal_client__rosidl_typesupport_c
[35m[1mConsolidate compiler generated dependencies of target rosGoalServer[0m
[ 62%] Built target ros_goal_client
[ 71%] [32mBuilding CXX object CMakeFiles/rosGoalServer.dir/src/rosGoalServer.cpp.o[0m
[ 71%] Built target rosGoalClient
[ 74%] Built target ros_goal_client__py
[ 80%] Built target ros_goal_client__rosidl_generator_py
[ 85%] Built target ros_goal_client__rosidl_typesupport_fastrtps_c__pyext
[ 91%] Built target ros_goal_client__rosidl_typesupport_introspection_c__pyext
[ 97%] Built target ros_goal_client__rosidl_typesupport_c__pyext
running egg_info
writing ros_goal_client.egg-info/PKG-INFO
writing dependency_links to ros_goal_client.egg-info/dependency_links.txt
writing top-level names to ros_goal_client.egg-info/top_level.txt
reading manifest file 'ros_goal_client.egg-info/SOURCES.txt'
writing manifest file 'ros_goal_client.egg-info/SOURCES.txt'
[ 97%] Built target ament_cmake_python_build_ros_goal_client_egg
[01m[K/home/ubuntu/turtlebot3_ws/src/ros_goal_client/src/rosGoalServer.cpp:[m[K In function â€˜[01m[Kvoid on_stm_rx(std_msgs::msg::String_<std::allocator<void> >::SharedPtr)[m[Kâ€™:
[01m[K/home/ubuntu/turtlebot3_ws/src/ros_goal_client/src/rosGoalServer.cpp:268:15:[m[K [01;31m[Kerror: [m[Ktoo many arguments to function â€˜[01m[Kvoid go_to_pose(const PoseStamped&, const string&, const string&)[m[Kâ€™
  268 |     [01;31m[Kgo_to_pose(g_home_pose, "", "", &g_home_reached)[m[K;
      |     [01;31m[K~~~~~~~~~~^~~~~~~~~~~~~~~~~~~~~~~~~~~~~~~~~~~~~~[m[K
[01m[K/home/ubuntu/turtlebot3_ws/src/ros_goal_client/src/rosGoalServer.cpp:95:13:[m[K [01;36m[Knote: [m[Kdeclared here
   95 | static void [01;36m[Kgo_to_pose[m[K(const geometry_msgs::msg::PoseStamped &pose,
      |             [01;36m[K^~~~~~~~~~[m[K
[01m[K/home/ubuntu/turtlebot3_ws/src/ros_goal_client/src/rosGoalServer.cpp:[m[K In function â€˜[01m[Kvoid go_to_pose(const PoseStamped&, const string&, const string&)[m[Kâ€™:
[01m[K/home/ubuntu/turtlebot3_ws/src/ros_goal_client/src/rosGoalServer.cpp:281:63:[m[K [01;35m[Kwarning: [m[Kunused parameter â€˜[01m[Kpose[m[Kâ€™ [[01;35m[K-Wunused-parameter[m[K]
  281 | static void go_to_pose([01;35m[Kconst geometry_msgs::msg::PoseStamped &pose[m[K,
      |                        [01;35m[K~~~~~~~~~~~~~~~~~~~~~~~~~~~~~~~~~~~~~~~^~~~[m[K
[01m[K/home/ubuntu/turtlebot3_ws/src/ros_goal_client/src/rosGoalServer.cpp:282:43:[m[K [01;35m[Kwarning: [m[Kunused parameter â€˜[01m[Kpost_command[m[Kâ€™ [[01;35m[K-Wunused-parameter[m[K]
  282 |                        [01;35m[Kconst std::string &post_command[m[K,
      |                        [01;35m[K~~~~~~~~~~~~~~~~~~~^~~~~~~~~~~~[m[K
[01m[K/home/ubuntu/turtlebot3_ws/src/ros_goal_client/src/rosGoalServer.cpp:283:43:[m[K [01;35m[Kwarning: [m[Kunused parameter â€˜[01m[Knotify_jetson_msg[m[Kâ€™ [[01;35m[K-Wunused-parameter[m[K]
  283 |                        [01;35m[Kconst std::string &notify_jetson_msg[m[K)
      |                        [01;35m[K~~~~~~~~~~~~~~~~~~~^~~~~~~~~~~~~~~~~[m[K
[01m[K/home/ubuntu/turtlebot3_ws/src/ros_goal_client/src/rosGoalServer.cpp:[m[K At global scope:
[01m[K/home/ubuntu/turtlebot3_ws/src/ros_goal_client/src/rosGoalServer.cpp:293:3:[m[K [01;31m[Kerror: [m[Kâ€˜[01m[Kgoal[m[Kâ€™ does not name a type
  293 |   [01;31m[Kgoal[m[K.pose = pose;
      |   [01;31m[K^~~~[m[K
[01m[K/home/ubuntu/turtlebot3_ws/src/ros_goal_client/src/rosGoalServer.cpp:294:3:[m[K [01;31m[Kerror: [m[Kâ€˜[01m[Kgoal[m[Kâ€™ does not name a type
  294 |   [01;31m[Kgoal[m[K.pose.header.stamp = g_node->now();
      |   [01;31m[K^~~~[m[K
[01m[K/home/ubuntu/turtlebot3_ws/src/ros_goal_client/src/rosGoalServer.cpp:299:3:[m[K [01;31m[Kerror: [m[Kexpected unqualified-id before â€˜[01m[Kif[m[Kâ€™
  299 |   [01;31m[Kif[m[K (gh_rc != rclcpp::FutureReturnCode::SUCCESS) return;
      |   [01;31m[K^~[m[K
[01m[K/home/ubuntu/turtlebot3_ws/src/ros_goal_client/src/rosGoalServer.cpp:301:3:[m[K [01;31m[Kerror: [m[Kexpected unqualified-id before â€˜[01m[Kif[m[Kâ€™
  301 |   [01;31m[Kif[m[K (!gh) return;
      |   [01;31m[K^~[m[K
[01m[K/home/ubuntu/turtlebot3_ws/src/ros_goal_client/src/rosGoalServer.cpp:305:3:[m[K [01;31m[Kerror: [m[Kexpected unqualified-id before â€˜[01m[Kif[m[Kâ€™
  305 |   [01;31m[Kif[m[K (res_rc == rclcpp::FutureReturnCode::SUCCESS) {
      |   [01;31m[K^~[m[K
[01m[K/home/ubuntu/turtlebot3_ws/src/ros_goal_client/src/rosGoalServer.cpp:257:13:[m[K [01;35m[Kwarning: [m[Kâ€˜[01m[Kvoid on_stm_rx(std_msgs::msg::String_<std::allocator<void> >::SharedPtr)[m[Kâ€™ defined but not used [[01;35m[K-Wunused-function[m[K]
  257 | static void [01;35m[Kon_stm_rx[m[K(const std_msgs::msg::String::SharedPtr msg)
      |             [01;35m[K^~~~~~~~~[m[K
[01m[K/home/ubuntu/turtlebot3_ws/src/ros_goal_client/src/rosGoalServer.cpp:214:13:[m[K [01;35m[Kwarning: [m[Kâ€˜[01m[Kvoid on_uart_rx(std_msgs::msg::String_<std::allocator<void> >::SharedPtr)[m[Kâ€™ defined but not used [[01;35m[K-Wunused-function[m[K]
  214 | static void [01;35m[Kon_uart_rx[m[K(const std_msgs::msg::String::SharedPtr msg)
      |             [01;35m[K^~~~~~~~~~[m[K
[01m[K/home/ubuntu/turtlebot3_ws/src/ros_goal_client/src/rosGoalServer.cpp:99:13:[m[K [01;35m[Kwarning: [m[Kâ€˜[01m[Kvoid map_cb(nav_msgs::msg::OccupancyGrid_<std::allocator<void> >::SharedPtr)[m[Kâ€™ defined but not used [[01;35m[K-Wunused-function[m[K]
   99 | static void [01;35m[Kmap_cb[m[K(const nav_msgs::msg::OccupancyGrid::SharedPtr msg)
      |             [01;35m[K^~~~~~[m[K
gmake[2]: *** [CMakeFiles/rosGoalServer.dir/build.make:76: CMakeFiles/rosGoalServer.dir/src/rosGoalServer.cpp.o] Error 1
gmake[1]: *** [CMakeFiles/Makefile2:595: CMakeFiles/rosGoalServer.dir/all] Error 2
gmake: *** [Makefile:146: all] Error 2
