[  2%] Built target ros_goal_client__cpp
[ 11%] Built target ros_goal_client__rosidl_generator_c
[ 11%] Built target ament_cmake_python_symlink_ros_goal_client
[ 20%] Built target ros_goal_client__rosidl_typesupport_fastrtps_c
[ 28%] Built target ros_goal_client__rosidl_typesupport_fastrtps_cpp
[ 37%] Built target ros_goal_client__rosidl_typesupport_introspection_cpp
[ 45%] Built target ros_goal_client__rosidl_typesupport_cpp
[35m[1mConsolidate compiler generated dependencies of target rosGoalServer[0m
[ 54%] Built target ros_goal_client__rosidl_typesupport_c
[ 62%] Built target ros_goal_client__rosidl_typesupport_introspection_c
[ 65%] [32mBuilding CXX object CMakeFiles/rosGoalServer.dir/src/rosGoalServer.cpp.o[0m
[ 65%] Built target ros_goal_client
[ 71%] Built target rosGoalClient
[ 74%] Built target ros_goal_client__py
[ 80%] Built target ros_goal_client__rosidl_generator_py
[ 85%] Built target ros_goal_client__rosidl_typesupport_introspection_c__pyext
[ 91%] Built target ros_goal_client__rosidl_typesupport_fastrtps_c__pyext
[ 97%] Built target ros_goal_client__rosidl_typesupport_c__pyext
running egg_info
writing ros_goal_client.egg-info/PKG-INFO
writing dependency_links to ros_goal_client.egg-info/dependency_links.txt
writing top-level names to ros_goal_client.egg-info/top_level.txt
reading manifest file 'ros_goal_client.egg-info/SOURCES.txt'
writing manifest file 'ros_goal_client.egg-info/SOURCES.txt'
[ 97%] Built target ament_cmake_python_build_ros_goal_client_egg
[01m[K/home/ubuntu/turtlebot3_ws/src/ros_goal_client/src/rosGoalServer.cpp:[m[K In function â€˜[01m[Kvoid on_stm_rx(std_msgs::msg::String_<std::allocator<void> >::SharedPtr)[m[Kâ€™:
[01m[K/home/ubuntu/turtlebot3_ws/src/ros_goal_client/src/rosGoalServer.cpp:253:16:[m[K [01;31m[Kerror: [m[Kpassing â€˜[01m[Kconst string[m[Kâ€™ {aka â€˜[01m[Kconst std::__cxx11::basic_string<char>[m[Kâ€™} as â€˜[01m[Kthis[m[Kâ€™ argument discards qualifiers [[01;31m[K-fpermissive[m[K]
  253 |   [01;31m[Kpayload.erase(payload.find_last_not_of("\r\n") + 1)[m[K;
      |   [01;31m[K~~~~~~~~~~~~~^~~~~~~~~~~~~~~~~~~~~~~~~~~~~~~~~~~~~~[m[K
In file included from [01m[K/usr/include/c++/11/string:55[m[K,
                 from [01m[K/home/ubuntu/turtlebot3_ws/src/ros_goal_client/src/rosGoalServer.cpp:16[m[K:
[01m[K/usr/include/c++/11/bits/basic_string.h:1827:7:[m[K [01;36m[Knote: [m[K  in call to â€˜[01m[Kstd::__cxx11::basic_string<_CharT, _Traits, _Alloc>& std::__cxx11::basic_string<_CharT, _Traits, _Alloc>::erase(std::__cxx11::basic_string<_CharT, _Traits, _Alloc>::size_type, std::__cxx11::basic_string<_CharT, _Traits, _Alloc>::size_type) [with _CharT = char; _Traits = std::char_traits<char>; _Alloc = std::allocator<char>; std::__cxx11::basic_string<_CharT, _Traits, _Alloc>::size_type = long unsigned int][m[Kâ€™
 1827 |       [01;36m[Kerase[m[K(size_type __pos = 0, size_type __n = npos)
      |       [01;36m[K^~~~~[m[K
gmake[2]: *** [CMakeFiles/rosGoalServer.dir/build.make:76: CMakeFiles/rosGoalServer.dir/src/rosGoalServer.cpp.o] Error 1
gmake[1]: *** [CMakeFiles/Makefile2:595: CMakeFiles/rosGoalServer.dir/all] Error 2
gmake: *** [Makefile:146: all] Error 2
