[0.064s] Invoking command in '/home/ubuntu/turtlebot3_ws/build/ros_goal_client': CMAKE_PREFIX_PATH=/home/ubuntu/turtlebot3_ws/install/uart_bridge_cpp:/home/ubuntu/turtlebot3_ws/install/turtlebot3:/home/ubuntu/turtlebot3_ws/install/turtlebot3_bringup:/home/ubuntu/turtlebot3_ws/install/turtlebot3_node:/home/ubuntu/turtlebot3_ws/install/turtlebot3_navigation2:/home/ubuntu/turtlebot3_ws/install/turtlebot3_fake_node:/home/ubuntu/turtlebot3_ws/install/turtlebot3_msgs:/home/ubuntu/turtlebot3_ws/install/turtlebot3_manipulation_gazebo:/home/ubuntu/turtlebot3_ws/install/turtlebot3_description:/home/ubuntu/turtlebot3_ws/install/turtlebot3_cartographer:/home/ubuntu/turtlebot3_ws/install/turtlebot3_teleop:/home/ubuntu/turtlebot3_ws/install/turtlebot3_example:/opt/ros/humble:/home/ubuntu/turtlebot3_ws/install/simple_navigation_goals:/home/ubuntu/turtlebot3_ws/install/ros_tutorials_topic:/home/ubuntu/turtlebot3_ws/install/ros_goal_client:/home/ubuntu/turtlebot3_ws/install/rescue_orchestrator:/home/ubuntu/turtlebot3_ws/install/dynamixel_sdk_examples:/home/ubuntu/turtlebot3_ws/install/dynamixel_sdk_custom_interfaces:/home/ubuntu/turtlebot3_ws/install/dynamixel_sdk:/home/ubuntu/turtlebot3_ws/install/cpp_talker_listener /usr/bin/cmake --build /home/ubuntu/turtlebot3_ws/build/ros_goal_client -- -j4 -l4
[0.334s] [  2%] Built target ros_goal_client__cpp
[0.341s] [ 11%] Built target ros_goal_client__rosidl_generator_c
[0.378s] [ 11%] Built target ament_cmake_python_symlink_ros_goal_client
[0.458s] [ 20%] Built target ros_goal_client__rosidl_typesupport_cpp
[0.463s] [ 28%] Built target ros_goal_client__rosidl_typesupport_fastrtps_cpp
[0.467s] [ 37%] Built target ros_goal_client__rosidl_typesupport_introspection_cpp
[0.515s] [ 45%] Built target ros_goal_client__rosidl_typesupport_fastrtps_c
[0.578s] [ 54%] Built target ros_goal_client__rosidl_typesupport_introspection_c
[0.583s] [ 62%] Built target ros_goal_client__rosidl_typesupport_c
[0.587s] [35m[1mConsolidate compiler generated dependencies of target rosGoalServer[0m
[0.699s] [ 62%] Built target ros_goal_client
[0.709s] [ 65%] [32mBuilding CXX object CMakeFiles/rosGoalServer.dir/src/rosGoalServer.cpp.o[0m
[0.740s] [ 71%] Built target rosGoalClient
[0.817s] [ 74%] Built target ros_goal_client__py
[0.932s] [ 80%] Built target ros_goal_client__rosidl_generator_py
[1.055s] [ 85%] Built target ros_goal_client__rosidl_typesupport_fastrtps_c__pyext
[1.059s] [ 91%] Built target ros_goal_client__rosidl_typesupport_introspection_c__pyext
[1.169s] [ 97%] Built target ros_goal_client__rosidl_typesupport_c__pyext
[1.752s] running egg_info
[1.755s] writing ros_goal_client.egg-info/PKG-INFO
[1.756s] writing dependency_links to ros_goal_client.egg-info/dependency_links.txt
[1.757s] writing top-level names to ros_goal_client.egg-info/top_level.txt
[1.767s] reading manifest file 'ros_goal_client.egg-info/SOURCES.txt'
[1.770s] writing manifest file 'ros_goal_client.egg-info/SOURCES.txt'
[1.908s] [ 97%] Built target ament_cmake_python_build_ros_goal_client_egg
[12.780s] [01m[K/home/ubuntu/turtlebot3_ws/src/ros_goal_client/src/rosGoalServer.cpp:[m[K In function â€˜[01m[Kvoid go_to_pose(const PoseStamped&, const string&)[m[Kâ€™:
[12.781s] [01m[K/home/ubuntu/turtlebot3_ws/src/ros_goal_client/src/rosGoalServer.cpp:306:9:[m[K [01;31m[Kerror: [m[Kâ€˜[01m[Knotify_jetson_second[m[Kâ€™ was not declared in this scope
[12.781s]   306 |     if ([01;31m[Knotify_jetson_second[m[K && result.code == rclcpp_action::ResultCode::SUCCEEDED && g_uart_tx_pub) {
[12.781s]       |         [01;31m[K^~~~~~~~~~~~~~~~~~~~[m[K
[12.874s] [01m[K/home/ubuntu/turtlebot3_ws/src/ros_goal_client/src/rosGoalServer.cpp:[m[K In function â€˜[01m[Kvoid* recv_msg(void*)[m[Kâ€™:
[12.875s] [01m[K/home/ubuntu/turtlebot3_ws/src/ros_goal_client/src/rosGoalServer.cpp:582:17:[m[K [01;31m[Kerror: [m[Kcall of overloaded â€˜[01m[Kgo_to_pose(geometry_msgs::msg::PoseStamped&, const char [1])[m[Kâ€™ is ambiguous
[12.875s]   582 |       [01;31m[Kgo_to_pose(g_first_goal, "")[m[K;
[12.876s]       |       [01;31m[K~~~~~~~~~~^~~~~~~~~~~~~~~~~~[m[K
[12.876s] [01m[K/home/ubuntu/turtlebot3_ws/src/ros_goal_client/src/rosGoalServer.cpp:93:13:[m[K [01;36m[Knote: [m[Kcandidate: â€˜[01m[Kvoid go_to_pose(const PoseStamped&, const string&, bool)[m[Kâ€™
[12.877s]    93 | static void [01;36m[Kgo_to_pose[m[K(const geometry_msgs::msg::PoseStamped &pose,
[12.877s]       |             [01;36m[K^~~~~~~~~~[m[K
[12.877s] [01m[K/home/ubuntu/turtlebot3_ws/src/ros_goal_client/src/rosGoalServer.cpp:274:13:[m[K [01;36m[Knote: [m[Kcandidate: â€˜[01m[Kvoid go_to_pose(const PoseStamped&, const string&)[m[Kâ€™
[12.878s]   274 | static void [01;36m[Kgo_to_pose[m[K(const geometry_msgs::msg::PoseStamped &pose,
[12.878s]       |             [01;36m[K^~~~~~~~~~[m[K
[24.743s] [01m[K/home/ubuntu/turtlebot3_ws/src/ros_goal_client/src/rosGoalServer.cpp:[m[K At global scope:
[24.745s] [01m[K/home/ubuntu/turtlebot3_ws/src/ros_goal_client/src/rosGoalServer.cpp:93:13:[m[K [01;35m[Kwarning: [m[Kâ€˜[01m[Kvoid go_to_pose(const PoseStamped&, const string&, bool)[m[Kâ€™ declared â€˜[01m[Kstatic[m[Kâ€™ but never defined [[01;35m[K-Wunused-function[m[K]
[24.746s]    93 | static void [01;35m[Kgo_to_pose[m[K(const geometry_msgs::msg::PoseStamped &pose,
[24.747s]       |             [01;35m[K^~~~~~~~~~[m[K
[31.668s] [01m[K/home/ubuntu/turtlebot3_ws/src/ros_goal_client/src/rosGoalServer.cpp:274:13:[m[K [01;35m[Kwarning: [m[Kâ€˜[01m[Kvoid go_to_pose(const PoseStamped&, const string&)[m[Kâ€™ defined but not used [[01;35m[K-Wunused-function[m[K]
[31.668s]   274 | static void [01;35m[Kgo_to_pose[m[K(const geometry_msgs::msg::PoseStamped &pose,
[31.670s]       |             [01;35m[K^~~~~~~~~~[m[K
[31.818s] gmake[2]: *** [CMakeFiles/rosGoalServer.dir/build.make:76: CMakeFiles/rosGoalServer.dir/src/rosGoalServer.cpp.o] Error 1
[31.818s] gmake[1]: *** [CMakeFiles/Makefile2:595: CMakeFiles/rosGoalServer.dir/all] Error 2
[31.819s] gmake: *** [Makefile:146: all] Error 2
[31.827s] Invoked command in '/home/ubuntu/turtlebot3_ws/build/ros_goal_client' returned '2': CMAKE_PREFIX_PATH=/home/ubuntu/turtlebot3_ws/install/uart_bridge_cpp:/home/ubuntu/turtlebot3_ws/install/turtlebot3:/home/ubuntu/turtlebot3_ws/install/turtlebot3_bringup:/home/ubuntu/turtlebot3_ws/install/turtlebot3_node:/home/ubuntu/turtlebot3_ws/install/turtlebot3_navigation2:/home/ubuntu/turtlebot3_ws/install/turtlebot3_fake_node:/home/ubuntu/turtlebot3_ws/install/turtlebot3_msgs:/home/ubuntu/turtlebot3_ws/install/turtlebot3_manipulation_gazebo:/home/ubuntu/turtlebot3_ws/install/turtlebot3_description:/home/ubuntu/turtlebot3_ws/install/turtlebot3_cartographer:/home/ubuntu/turtlebot3_ws/install/turtlebot3_teleop:/home/ubuntu/turtlebot3_ws/install/turtlebot3_example:/opt/ros/humble:/home/ubuntu/turtlebot3_ws/install/simple_navigation_goals:/home/ubuntu/turtlebot3_ws/install/ros_tutorials_topic:/home/ubuntu/turtlebot3_ws/install/ros_goal_client:/home/ubuntu/turtlebot3_ws/install/rescue_orchestrator:/home/ubuntu/turtlebot3_ws/install/dynamixel_sdk_examples:/home/ubuntu/turtlebot3_ws/install/dynamixel_sdk_custom_interfaces:/home/ubuntu/turtlebot3_ws/install/dynamixel_sdk:/home/ubuntu/turtlebot3_ws/install/cpp_talker_listener /usr/bin/cmake --build /home/ubuntu/turtlebot3_ws/build/ros_goal_client -- -j4 -l4
